[debug] > Exec(early(addDefaultCommands), None, None)
[debug] > Exec(addDefaultCommands, None, None)
[debug] > Exec(early(initialize), None, None)
[debug] > Exec(initialize, None, None)
[debug] > Exec(early(addPluginSbtFile="""C:\Users\zheng\AppData\Local\Temp\idea.sbt"""), None, None)
[debug] > Exec(addPluginSbtFile="""C:\Users\zheng\AppData\Local\Temp\idea.sbt""", None, None)
[debug] > Exec(boot, None, None)
[debug] > Exec(writeSbtVersion, None, None)
[debug] > Exec(reload, None, None)
[debug] > Exec(sbtStashOnFailure, None, None)
[debug] > Exec(onFailure loadFailed, None, None)
[debug] > Exec(loadp, None, None)
[info] welcome to sbt 1.10.1 (Oracle Corporation Java 21.0.4)
[debug] Load.defaultLoad until apply took 210.3957ms
[debug]           Load.loadUnit: plugins took 105.1272ms
[debug]           Load.loadUnit: defsScala took 0.1445ms
[debug] [Loading] Scanning directory C:\Users\zheng\OneDrive\Desktop\CurrentSem\SOEN6441(AdvProgramPractice\SOEN-6441-Project\project
[debug]             Load.loadUnit: mkEval took 3.3423ms
[debug] [Loading] Found non-root projects 
[debug] [Loading] Done in C:\Users\zheng\OneDrive\Desktop\CurrentSem\SOEN6441(AdvProgramPractice\SOEN-6441-Project\project, returning: ()
[debug] deducing auto plugins based on known facts Set(Atom(sbt.plugins.CorePlugin)) and clauses Clauses(Clause(Atom(sbt.plugins.JvmPlugin),Set(Atom(sbt.plugins.IvyPlugin)))
[debug] Clause(Atom(sbt.ScriptedPlugin),Set(Atom(sbt.plugins.JvmPlugin)))
[debug] Clause(Atom(sbt.plugins.SbtPlugin),Set(Atom(sbt.ScriptedPlugin)))
[debug] Clause(Atom(sbt.plugins.SemanticdbPlugin),Set(Atom(sbt.plugins.JvmPlugin)))
[debug] Clause(Atom(sbt.plugins.JUnitXmlReportPlugin),Set(Atom(sbt.plugins.JvmPlugin)))
[debug] Clause(Atom(sbt.plugins.MiniDependencyTreePlugin),Set(Atom(sbt.plugins.JvmPlugin)))
[debug] Clause(Atom(sbt.plugins.CorePlugin),Set(Atom(sbt.plugins.IvyPlugin)))
[debug] Clause(Atom(sbt.plugins.IvyPlugin),Set(Atom(sbt.plugins.JvmPlugin)))
[debug] Clause(Atom(sbt.plugins.JvmPlugin),Set(Atom(sbt.plugins.SemanticdbPlugin)))
[debug] Clause(Atom(sbt.plugins.JvmPlugin),Set(Atom(sbt.plugins.JUnitXmlReportPlugin)))
[debug] Clause(Atom(sbt.plugins.CorePlugin),Set(Atom(sbt.plugins.Giter8TemplatePlugin)))
[debug] Clause(Atom(sbt.plugins.JvmPlugin),Set(Atom(sbt.plugins.MiniDependencyTreePlugin))))
[debug]   :: deduced result: Matched(sbt.plugins.CorePlugin,sbt.plugins.Giter8TemplatePlugin,sbt.plugins.IvyPlugin,sbt.plugins.JvmPlugin,sbt.plugins.MiniDependencyTreePlugin,sbt.plugins.JUnitXmlReportPlugin,sbt.plugins.SemanticdbPlugin)
[debug] Plugins.deducer#function took 9.0153 ms
[info] loading settings for project soen-6441-project-build from plugins.sbt,idea.sbt ...
[debug]               Load.resolveProject(soen-6441-project-build) took 21.8474ms
[debug]             Load.loadTransitive: finalizeProject(Project(id soen-6441-project-build, base: C:\Users\zheng\OneDrive\Desktop\CurrentSem\SOEN6441(AdvProgramPractice\SOEN-6441-Project\project, plugins: List(<none>))) took 35.8381ms
[debug] [Loading] Done in C:\Users\zheng\OneDrive\Desktop\CurrentSem\SOEN6441(AdvProgramPractice\SOEN-6441-Project\project, returning: (soen-6441-project-build)
[debug]           Load.loadUnit: loadedProjectsRaw took 2139.9611ms
[debug]           Load.loadUnit: cleanEvalClasses took 6.8187ms
[debug]         Load.loadUnit(file:/C:/Users/zheng/OneDrive/Desktop/CurrentSem/SOEN6441(AdvProgramPractice/SOEN-6441-Project/project/, ...) took 2256.5446ms
[debug]       Load.apply: load took 2338.317ms
[debug]       Load.apply: resolveProjects took 2.2783ms
[debug]       Load.apply: finalTransforms took 44.1333ms
[debug]       Load.apply: config.delegates took 9.8847ms
[debug]       Load.apply: Def.make(settings)... took 414.6684ms
[debug]       Load.apply: structureIndex took 101.8889ms
[debug]       Load.apply: mkStreams took 4.601ms
[info] loading project definition from C:\Users\zheng\OneDrive\Desktop\CurrentSem\SOEN6441(AdvProgramPractice\SOEN-6441-Project\project
[debug] Running task... Cancel: Signal, check cycles: false, forcegc: true
[debug]     Load.loadUnit: plugins took 5043.8983ms
[debug]     Load.loadUnit: defsScala took 0.0019ms
[debug] [Loading] Scanning directory C:\Users\zheng\OneDrive\Desktop\CurrentSem\SOEN6441(AdvProgramPractice\SOEN-6441-Project
[debug]       Load.loadUnit: mkEval took 0.1516ms
[debug] [Loading] Found root project root w/ remaining 
[debug] deducing auto plugins based on known facts Set(Atom(play.sbt.PlayJava), Atom(sbt.plugins.CorePlugin)) and clauses Clauses(Clause(Atom(sbt.plugins.JvmPlugin),Set(Atom(sbt.plugins.IvyPlugin)))
[debug] Clause(Atom(sbt.ScriptedPlugin),Set(Atom(sbt.plugins.JvmPlugin)))
[debug] Clause(Atom(sbt.plugins.SbtPlugin),Set(Atom(sbt.ScriptedPlugin)))
[debug] Clause(Atom(sbt.plugins.SemanticdbPlugin),Set(Atom(sbt.plugins.JvmPlugin)))
[debug] Clause(Atom(sbt.plugins.JUnitXmlReportPlugin),Set(Atom(sbt.plugins.JvmPlugin)))
[debug] Clause(Atom(sbt.plugins.MiniDependencyTreePlugin),Set(Atom(sbt.plugins.JvmPlugin)))
[debug] Clause(Atom(play.sbt.Play),Set(Atom(play.sbt.routes.RoutesCompiler)))
[debug] Clause(Atom(play.sbt.Play),Set(Atom(com.typesafe.sbt.jse.SbtJsTask)))
[debug] Clause(Atom(play.sbt.Play),Set(Atom(com.typesafe.sbt.packager.archetypes.JavaServerAppPackaging)))
[debug] Clause(Atom(play.sbt.Play),Set(Atom(play.twirl.sbt.SbtTwirl)))
[debug] Clause(Atom(play.sbt.PlayFilters),Set(Atom(play.sbt.PlayWeb)))
[debug] Clause(Atom(play.sbt.PlayJava),Set(Atom(play.sbt.PlayWeb)))
[debug] Clause(Atom(play.sbt.PlayLayoutPlugin),Set(Atom(play.sbt.PlayWeb)))
[debug] Clause(Atom(play.sbt.PlayLogback),Set(Atom(play.sbt.PlayService)))
[debug] Clause(Atom(play.sbt.PlayMinimalJava),Set(Atom(play.sbt.PlayWeb)))
[debug] Clause(Atom(play.sbt.PlayNettyServer),Set(Atom(play.sbt.PlayService)))
[debug] Clause(Atom(play.sbt.PlayPekkoHttp2Support),Set(Atom(play.sbt.PlayPekkoHttpServer)))
[debug] Clause(Atom(play.sbt.PlayPekkoHttpServer),Set(Atom(play.sbt.PlayService)))
[debug] Clause(Atom(play.sbt.PlayScala),Set(Atom(play.sbt.PlayWeb)))
[debug] Clause(Atom(play.sbt.PlayService),Set(Atom(com.typesafe.sbt.packager.archetypes.JavaServerAppPackaging)))
[debug] Clause(Atom(play.sbt.PlayWeb),Set(Atom(play.sbt.routes.RoutesCompiler)))
[debug] Clause(Atom(play.sbt.PlayWeb),Set(Atom(com.typesafe.sbt.jse.SbtJsTask)))
[debug] Clause(Atom(play.sbt.PlayWeb),Set(Atom(play.sbt.PlayService)))
[debug] Clause(Atom(play.sbt.PlayWeb),Set(Atom(play.twirl.sbt.SbtTwirl)))
[debug] Clause(Atom(play.sbt.routes.RoutesCompiler),Set(Atom(sbt.plugins.JvmPlugin)))
[debug] Clause(Atom(org.jetbrains.sbt.StructurePlugin),Set(Atom(sbt.plugins.JvmPlugin)))
[debug] Clause(Atom(org.jetbrains.sbt.IdeaShellPlugin),Set(Atom(sbt.plugins.JvmPlugin)))
[debug] Clause(Atom(play.twirl.sbt.SbtTwirl),Set(Atom(sbt.plugins.JvmPlugin)))
[debug] Clause(Atom(com.typesafe.sbt.SbtNativePackager),Set(Atom(sbt.plugins.JvmPlugin)))
[debug] Clause(Atom(com.typesafe.sbt.packager.archetypes.JavaAppPackaging),Set(Atom(com.typesafe.sbt.packager.windows.WindowsPlugin)))
[debug] Clause(Atom(com.typesafe.sbt.packager.archetypes.JavaAppPackaging),Set(Atom(com.typesafe.sbt.packager.docker.DockerPlugin)))
[debug] Clause(Atom(com.typesafe.sbt.packager.archetypes.JavaAppPackaging),Set(Atom(com.typesafe.sbt.packager.debian.DebianPlugin)))
[debug] Clause(Atom(com.typesafe.sbt.packager.archetypes.JavaAppPackaging),Set(Atom(com.typesafe.sbt.packager.rpm.RpmPlugin)))
[debug] Clause(Atom(com.typesafe.sbt.packager.archetypes.JavaServerAppPackaging),Set(Atom(com.typesafe.sbt.packager.archetypes.JavaAppPackaging)))
[debug] Clause(Atom(com.typesafe.sbt.packager.archetypes.jar.ClasspathJarPlugin),Set(Atom(com.typesafe.sbt.packager.archetypes.JavaAppPackaging)))
[debug] Clause(Atom(com.typesafe.sbt.packager.archetypes.jar.LauncherJarPlugin),Set(Atom(com.typesafe.sbt.packager.archetypes.JavaAppPackaging)))
[debug] Clause(Atom(com.typesafe.sbt.packager.archetypes.jlink.JlinkPlugin),Set(Atom(com.typesafe.sbt.packager.archetypes.JavaAppPackaging)))
[debug] Clause(Atom(com.typesafe.sbt.packager.archetypes.scripts.AshScriptPlugin),Set(Atom(com.typesafe.sbt.packager.archetypes.JavaAppPackaging)))
[debug] Clause(Atom(com.typesafe.sbt.packager.archetypes.scripts.AshScriptPlugin),Set(Atom(com.typesafe.sbt.packager.archetypes.scripts.BashStartScriptPlugin)))
[debug] Clause(Atom(com.typesafe.sbt.packager.archetypes.scripts.BashStartScriptPlugin),Set(Atom(com.typesafe.sbt.packager.archetypes.JavaAppPackaging)))
[debug] Clause(Atom(com.typesafe.sbt.packager.archetypes.scripts.BatStartScriptPlugin),Set(Atom(com.typesafe.sbt.packager.archetypes.JavaAppPackaging)))
[debug] Clause(Atom(com.typesafe.sbt.packager.archetypes.systemloader.SystemVPlugin),Set(Atom(com.typesafe.sbt.packager.archetypes.systemloader.SystemloaderPlugin)))
[debug] Clause(Atom(com.typesafe.sbt.packager.archetypes.systemloader.SystemdPlugin),Set(Atom(com.typesafe.sbt.packager.archetypes.systemloader.SystemloaderPlugin)))
[debug] Clause(Atom(com.typesafe.sbt.packager.archetypes.systemloader.SystemloaderPlugin),Set(Atom(com.typesafe.sbt.packager.debian.DebianPlugin)))
[debug] Clause(Atom(com.typesafe.sbt.packager.archetypes.systemloader.SystemloaderPlugin),Set(Atom(com.typesafe.sbt.packager.rpm.RpmPlugin)))
[debug] Clause(Atom(com.typesafe.sbt.packager.archetypes.systemloader.UpstartPlugin),Set(Atom(com.typesafe.sbt.packager.archetypes.systemloader.SystemloaderPlugin)))
[debug] Clause(Atom(com.typesafe.sbt.packager.debian.DebianDeployPlugin),Set(Atom(com.typesafe.sbt.packager.debian.DebianPlugin)))
[debug] Clause(Atom(com.typesafe.sbt.packager.debian.DebianPlugin),Set(Atom(com.typesafe.sbt.packager.linux.LinuxPlugin)))
[debug] Clause(Atom(com.typesafe.sbt.packager.debian.JDebPackaging),Set(Atom(com.typesafe.sbt.packager.debian.DebianPlugin)))
[debug] Clause(Atom(com.typesafe.sbt.packager.docker.DockerPlugin),Set(Atom(com.typesafe.sbt.packager.universal.UniversalPlugin)))
[debug] Clause(Atom(com.typesafe.sbt.packager.docker.DockerSpotifyClientPlugin),Set(Atom(com.typesafe.sbt.packager.docker.DockerPlugin)))
[debug] Clause(Atom(com.typesafe.sbt.packager.graalvmnativeimage.GraalVMNativeImagePlugin),Set(Atom(com.typesafe.sbt.packager.archetypes.JavaAppPackaging)))
[debug] Clause(Atom(com.typesafe.sbt.packager.jdkpackager.JDKPackagerDeployPlugin),Set(Atom(com.typesafe.sbt.packager.jdkpackager.JDKPackagerPlugin)))
[debug] Clause(Atom(com.typesafe.sbt.packager.jdkpackager.JDKPackagerPlugin),Set(Atom(com.typesafe.sbt.packager.archetypes.JavaAppPackaging)))
[debug] Clause(Atom(com.typesafe.sbt.packager.jdkpackager.JDKPackagerPlugin),Set(Atom(com.typesafe.sbt.packager.archetypes.jar.LauncherJarPlugin)))
[debug] Clause(Atom(com.typesafe.sbt.packager.linux.LinuxPlugin),Set(Atom(com.typesafe.sbt.packager.universal.UniversalPlugin)))
[debug] Clause(Atom(com.typesafe.sbt.packager.rpm.RpmDeployPlugin),Set(Atom(com.typesafe.sbt.packager.rpm.RpmPlugin)))
[debug] Clause(Atom(com.typesafe.sbt.packager.rpm.RpmPlugin),Set(Atom(com.typesafe.sbt.packager.linux.LinuxPlugin)))
[debug] Clause(Atom(com.typesafe.sbt.packager.universal.UniversalDeployPlugin),Set(Atom(com.typesafe.sbt.packager.universal.UniversalPlugin)))
[debug] Clause(Atom(com.typesafe.sbt.packager.universal.UniversalPlugin),Set(Atom(com.typesafe.sbt.SbtNativePackager)))
[debug] Clause(Atom(com.typesafe.sbt.packager.windows.WindowsDeployPlugin),Set(Atom(com.typesafe.sbt.packager.windows.WindowsPlugin)))
[debug] Clause(Atom(com.typesafe.sbt.packager.windows.WindowsPlugin),Set(Atom(com.typesafe.sbt.packager.universal.UniversalPlugin)))
[debug] Clause(Atom(com.typesafe.sbt.web.SbtWeb),Set(Atom(sbt.plugins.JvmPlugin)))
[debug] Clause(Atom(com.typesafe.sbt.jse.SbtJsEngine),Set(Atom(com.typesafe.sbt.web.SbtWeb)))
[debug] Clause(Atom(com.typesafe.sbt.jse.SbtJsTask),Set(Atom(com.typesafe.sbt.jse.SbtJsEngine)))
[debug] Clause(Atom(sbt.plugins.CorePlugin),Set(Atom(sbt.plugins.IvyPlugin)))
[debug] Clause(Atom(sbt.plugins.IvyPlugin),Set(Atom(sbt.plugins.JvmPlugin)))
[debug] Clause(Atom(sbt.plugins.JvmPlugin),Set(Atom(sbt.plugins.SemanticdbPlugin)))
[debug] Clause(Atom(sbt.plugins.JvmPlugin),Set(Atom(sbt.plugins.JUnitXmlReportPlugin)))
[debug] Clause(Atom(sbt.plugins.CorePlugin),Set(Atom(sbt.plugins.Giter8TemplatePlugin)))
[debug] Clause(Atom(sbt.plugins.JvmPlugin),Set(Atom(sbt.plugins.MiniDependencyTreePlugin)))
[debug] Clause(Atom(play.sbt.PlayWeb),Set(Atom(play.sbt.PlayFilters)))
[debug] Clause(Atom(play.sbt.PlayWeb),Set(Atom(play.sbt.PlayLayoutPlugin)))
[debug] Clause(Atom(play.sbt.PlayService),Set(Atom(play.sbt.PlayLogback)))
[debug] Clause(Atom(play.sbt.PlayService),Set(Atom(play.sbt.PlayPekkoHttpServer)))
[debug] Clause(Atom(sbt.plugins.JvmPlugin),Set(Atom(org.jetbrains.sbt.StructurePlugin)))
[debug] Clause(Atom(sbt.plugins.JvmPlugin),Set(Atom(org.jetbrains.sbt.IdeaShellPlugin)))
[debug] Clause(Atom(com.typesafe.sbt.packager.archetypes.JavaAppPackaging),Set(Atom(com.typesafe.sbt.packager.archetypes.scripts.BashStartScriptPlugin)))
[debug] Clause(Atom(com.typesafe.sbt.packager.archetypes.JavaAppPackaging),Set(Atom(com.typesafe.sbt.packager.archetypes.scripts.BatStartScriptPlugin)))
[debug] Clause(Atom(com.typesafe.sbt.web.SbtWeb),Set(Atom(com.typesafe.sbt.jse.SbtJsEngine)))
[debug] Clause(Atom(com.typesafe.sbt.jse.SbtJsEngine),Set(Atom(com.typesafe.sbt.jse.SbtJsTask))))
[debug]   :: deduced result: Matched(sbt.plugins.CorePlugin,play.sbt.PlayJava,sbt.plugins.Giter8TemplatePlugin,sbt.plugins.IvyPlugin,play.sbt.PlayWeb,play.twirl.sbt.SbtTwirl,sbt.plugins.JvmPlugin,play.sbt.PlayService,play.sbt.PlayFilters,play.sbt.PlayLayoutPlugin,play.sbt.routes.RoutesCompiler,com.typesafe.sbt.jse.SbtJsTask,com.typesafe.sbt.packager.archetypes.JavaServerAppPackaging,play.sbt.PlayPekkoHttpServer,sbt.plugins.SemanticdbPlugin,sbt.plugins.JUnitXmlReportPlugin,org.jetbrains.sbt.IdeaShellPlugin,play.sbt.PlayLogback,org.jetbrains.sbt.StructurePlugin,sbt.plugins.MiniDependencyTreePlugin,com.typesafe.sbt.jse.SbtJsEngine,com.typesafe.sbt.web.SbtWeb,com.typesafe.sbt.packager.archetypes.JavaAppPackaging,com.typesafe.sbt.packager.rpm.RpmPlugin,com.typesafe.sbt.packager.archetypes.scripts.BashStartScriptPlugin,com.typesafe.sbt.packager.windows.WindowsPlugin,com.typesafe.sbt.packager.archetypes.scripts.BatStartScriptPlugin,com.typesafe.sbt.packager.docker.DockerPlugin,com.typesafe.sbt.packager.debian.DebianPlugin,com.typesafe.sbt.packager.universal.UniversalPlugin,com.typesafe.sbt.packager.linux.LinuxPlugin,com.typesafe.sbt.SbtNativePackager)
[debug] Plugins.deducer#function took 4.9612 ms
[info] loading settings for project root from build.sbt ...
[debug]         Load.resolveProject(root) took 153.7351ms
[debug]       Load.loadTransitive: finalizeProject(Project(id root, base: C:\Users\zheng\OneDrive\Desktop\CurrentSem\SOEN6441(AdvProgramPractice\SOEN-6441-Project, plugins: List(play.sbt.PlayJava))) took 159.9966ms
[debug] [Loading] Done in C:\Users\zheng\OneDrive\Desktop\CurrentSem\SOEN6441(AdvProgramPractice\SOEN-6441-Project, returning: (root)
[debug]     Load.loadUnit: loadedProjectsRaw took 957.6357ms
[debug]     Load.loadUnit: cleanEvalClasses took 6.1673ms
[debug]   Load.loadUnit(file:/C:/Users/zheng/OneDrive/Desktop/CurrentSem/SOEN6441(AdvProgramPractice/SOEN-6441-Project/, ...) took 6009.0145ms
[debug] Load.apply: load took 6061.7707ms
[debug] Load.apply: resolveProjects took 0.2422ms
[debug] Load.apply: finalTransforms took 25.0804ms
[debug] Load.apply: config.delegates took 0.4793ms
[debug] Load.apply: Def.make(settings)... took 105.9153ms
[debug] Load.apply: structureIndex took 20.6048ms
[debug] Load.apply: mkStreams took 0.0017ms
[info]   __              __
[info]   \ \     ____   / /____ _ __  __
[info]    \ \   / __ \ / // __ `// / / /
[info]    / /  / /_/ // // /_/ // /_/ /
[info]   /_/  / .___//_/ \__,_/ \__, /
[info]       /_/               /____/
[info] 
[info] Version 3.0.5 running Java 21.0.4
[info] 
[info] Play is run entirely by the community. Please consider contributing and/or donating:
[info] https://www.playframework.com/sponsors
[info] 
[debug] > Exec(sbtPopOnFailure, None, None)
[debug] > Exec(resumeFromFailure, None, None)
[debug] > Exec(notifyUsersAboutShell, None, None)
[debug] > Exec(iflast shell, None, None)
[debug] > Exec(idea-shell, None, None)
